2021-04-07 20:12:54,608 - tensorflow - WARNING - From Training.py:24: The name tf.ConfigProto is deprecated. Please use tf.compat.v1.ConfigProto instead.

2021-04-07 20:12:54,739 - tensorflow - WARNING - From Training.py:28: The name tf.keras.backend.set_session is deprecated. Please use tf.compat.v1.keras.backend.set_session instead.

2021-04-07 20:15:01,326 - tensorflow - WARNING - From /home/s/said/.local/lib/python3.6/site-packages/tensorflow/python/ops/init_ops.py:1251: calling VarianceScaling.__init__ (from tensorflow.python.ops.init_ops) with dtype is deprecated and will be removed in a future version.
Instructions for updating:
Call initializer instance with the dtype argument instead of passing it to the constructor
2021-04-07 20:15:03,621 - tensorflow - WARNING - From /home/s/said/.local/lib/python3.6/site-packages/tensorflow/python/ops/math_grad.py:1250: add_dispatch_support.<locals>.wrapper (from tensorflow.python.ops.array_ops) is deprecated and will be removed in a future version.
Instructions for updating:
Use tf.where in 2.0, which has the same broadcast rule as np.where
2021-04-08 02:53:44,614 - tensorflow - WARNING - From Training.py:24: The name tf.ConfigProto is deprecated. Please use tf.compat.v1.ConfigProto instead.

2021-04-08 02:53:44,669 - tensorflow - WARNING - From Training.py:28: The name tf.keras.backend.set_session is deprecated. Please use tf.compat.v1.keras.backend.set_session instead.

2021-04-08 02:54:25,563 - tensorflow - WARNING - From /home/s/said/.local/lib/python3.6/site-packages/tensorflow/python/ops/init_ops.py:1251: calling VarianceScaling.__init__ (from tensorflow.python.ops.init_ops) with dtype is deprecated and will be removed in a future version.
Instructions for updating:
Call initializer instance with the dtype argument instead of passing it to the constructor
2021-04-08 02:54:26,381 - tensorflow - WARNING - From /home/s/said/.local/lib/python3.6/site-packages/tensorflow/python/ops/math_grad.py:1250: add_dispatch_support.<locals>.wrapper (from tensorflow.python.ops.array_ops) is deprecated and will be removed in a future version.
Instructions for updating:
Use tf.where in 2.0, which has the same broadcast rule as np.where
2021-04-08 03:00:38,718 - tensorflow - WARNING - From Training.py:24: The name tf.ConfigProto is deprecated. Please use tf.compat.v1.ConfigProto instead.

2021-04-08 03:00:38,765 - tensorflow - WARNING - From Training.py:28: The name tf.keras.backend.set_session is deprecated. Please use tf.compat.v1.keras.backend.set_session instead.

2021-04-08 03:00:46,800 - tensorflow - WARNING - From Training.py:24: The name tf.ConfigProto is deprecated. Please use tf.compat.v1.ConfigProto instead.

2021-04-08 03:00:46,829 - tensorflow - WARNING - From Training.py:28: The name tf.keras.backend.set_session is deprecated. Please use tf.compat.v1.keras.backend.set_session instead.

2021-04-08 03:01:33,284 - tensorflow - WARNING - From /home/s/said/.local/lib/python3.6/site-packages/tensorflow/python/ops/init_ops.py:1251: calling VarianceScaling.__init__ (from tensorflow.python.ops.init_ops) with dtype is deprecated and will be removed in a future version.
Instructions for updating:
Call initializer instance with the dtype argument instead of passing it to the constructor
2021-04-08 03:01:34,181 - tensorflow - WARNING - From /home/s/said/.local/lib/python3.6/site-packages/tensorflow/python/ops/math_grad.py:1250: add_dispatch_support.<locals>.wrapper (from tensorflow.python.ops.array_ops) is deprecated and will be removed in a future version.
Instructions for updating:
Use tf.where in 2.0, which has the same broadcast rule as np.where
2021-04-08 06:40:22,698 - tensorflow - WARNING - From Training.py:24: The name tf.ConfigProto is deprecated. Please use tf.compat.v1.ConfigProto instead.

2021-04-08 06:40:22,748 - tensorflow - WARNING - From Training.py:28: The name tf.keras.backend.set_session is deprecated. Please use tf.compat.v1.keras.backend.set_session instead.

2021-04-08 06:42:41,280 - tensorflow - WARNING - From Training.py:24: The name tf.ConfigProto is deprecated. Please use tf.compat.v1.ConfigProto instead.

2021-04-08 06:42:41,321 - tensorflow - WARNING - From Training.py:28: The name tf.keras.backend.set_session is deprecated. Please use tf.compat.v1.keras.backend.set_session instead.

2021-04-08 06:43:26,450 - tensorflow - WARNING - From /home/s/said/.local/lib/python3.6/site-packages/tensorflow/python/ops/init_ops.py:1251: calling VarianceScaling.__init__ (from tensorflow.python.ops.init_ops) with dtype is deprecated and will be removed in a future version.
Instructions for updating:
Call initializer instance with the dtype argument instead of passing it to the constructor
2021-04-08 06:43:27,550 - tensorflow - WARNING - From /home/s/said/.local/lib/python3.6/site-packages/tensorflow/python/ops/math_grad.py:1250: add_dispatch_support.<locals>.wrapper (from tensorflow.python.ops.array_ops) is deprecated and will be removed in a future version.
Instructions for updating:
Use tf.where in 2.0, which has the same broadcast rule as np.where
